1 change detected
1 change detected
1 change detected
1 change detected
{"sessionId":"cr9pto-a773-4aff-bb74","mouseMovements":[{"x":741,"y":430,"t":1781447826190},{"x":742,"y":428,"t":1781447826390},{"x":742,"y":429,"t":1781447826500},{"x":718,"y":494,"t":1781447826555},{"x":554,"y":668,"t":1781447826613},{"x":0,"y":0,"t":1781447827166},{"x":30,"y":25,"t":1781447827221},{"x":60,"y":50,"t":1781447827284},{"x":90,"y":75,"t":1781447827347},{"x":120,"y":100,"t":1781447827409},{"x":150,"y":125,"t":1781447827471},{"x":180,"y":150,"t":1781447827534},{"x":210,"y":175,"t":1781447827596},{"x":240,"y":200,"t":1781447827657},{"x":270,"y":225,"t":1781447827719},{"x":300,"y":250,"t":1781447827781},{"x":640,"y":317,"t":1781447827861}],"clicks":[{"x":640,"y":317,"t":1781447827862,"target":"input"}],"windowEvents":[]}
{"sessionId":"cr9pto-a773-4aff-bb74","mouseMovements":[{"x":300,"y":250,"t":1781447830673},{"x":300,"y":257,"t":1781447830743},{"x":300,"y":264,"t":1781447830810},{"x":300,"y":271,"t":1781447830866},{"x":300,"y":278,"t":1781447830931},{"x":300,"y":285,"t":1781447830992},{"x":300,"y":292,"t":1781447831053},{"x":300,"y":299,"t":1781447831117},{"x":300,"y":306,"t":1781447831178},{"x":300,"y":313,"t":1781447831243},{"x":300,"y":320,"t":1781447831303}],"clicks":[{"x":640,"y":403,"t":1781447831351,"target":"input"}],"windowEvents":[]}
{"sessionId":"cr9pto-a773-4aff-bb74","mouseMovements":[{"x":300,"y":320,"t":1781447834068},{"x":288,"y":326,"t":1781447834130},{"x":276,"y":332,"t":1781447834197},{"x":264,"y":338,"t":1781447834259},{"x":252,"y":344,"t":1781447834321},{"x":240,"y":350,"t":1781447834382},{"x":228,"y":356,"t":1781447834445},{"x":216,"y":362,"t":1781447834503},{"x":204,"y":368,"t":1781447834564},{"x":192,"y":374,"t":1781447834628},{"x":180,"y":380,"t":1781447834691},{"x":180,"y":380,"t":1781447835048},{"x":192,"y":386,"t":1781447835106}],"clicks":[{"x":470,"y":453,"t":1781447834726,"target":"input"}],"windowEvents":[]}
{"sessionId":"cr9pto-a773-4aff-bb74","mouseMovements":[{"x":204,"y":392,"t":1781447835168},{"x":216,"y":398,"t":1781447835230},{"x":228,"y":404,"t":1781447835293},{"x":240,"y":410,"t":1781447835354},{"x":252,"y":416,"t":1781447835420},{"x":264,"y":422,"t":1781447835480},{"x":276,"y":428,"t":1781447835540},{"x":288,"y":434,"t":1781447835603},{"x":300,"y":440,"t":1781447835662}],"clicks":[{"x":733,"y":509,"t":1781447835711,"target":"button"}],"windowEvents":[]}
{"sessionId":"cr9pto-2d1b-4ddd-93b4","mouseMovements":[{"x":435,"y":317,"t":1781447866478},{"x":437,"y":309,"t":1781447866528},{"x":441,"y":301,"t":1781447866578},{"x":442,"y":295,"t":1781447866638},{"x":442,"y":294,"t":1781447866693},{"x":429,"y":275,"t":1781447866744},{"x":407,"y":252,"t":1781447866794},{"x":401,"y":245,"t":1781447866862},{"x":401,"y":246,"t":1781447867219},{"x":409,"y":276,"t":1781447867270},{"x":435,"y":342,"t":1781447867320},{"x":457,"y":408,"t":1781447867378},{"x":476,"y":443,"t":1781447867428},{"x":498,"y":460,"t":1781447867478},{"x":525,"y":469,"t":1781447867528},{"x":540,"y":471,"t":1781447867579},{"x":541,"y":470,"t":1781447867629},{"x":540,"y":465,"t":1781447867760},{"x":495,"y":474,"t":1781447867812},{"x":424,"y":483,"t":1781447867862},{"x":393,"y":483,"t":1781447867912},{"x":278,"y":490,"t":1781447867970}],"clicks":[{"x":401,"y":245,"t":1781447867060,"target":"body"}],"windowEvents":[]}
{"sessionId":"cr9pto-2d1b-4ddd-93b4","mouseMovements":[{"x":23,"y":626,"t":1781447869420},{"x":285,"y":611,"t":1781447869470},{"x":363,"y":595,"t":1781447869520},{"x":381,"y":585,"t":1781447869570},{"x":395,"y":572,"t":1781447869620},{"x":391,"y":572,"t":1781447869671},{"x":169,"y":639,"t":1781447869721},{"x":344,"y":683,"t":1781447870404},{"x":642,"y":606,"t":1781447870462},{"x":787,"y":559,"t":1781447870512},{"x":822,"y":545,"t":1781447870562},{"x":819,"y":544,"t":1781447870612},{"x":790,"y":536,"t":1781447870662},{"x":722,"y":524,"t":1781447870712},{"x":686,"y":510,"t":1781447870762},{"x":675,"y":496,"t":1781447870812},{"x":669,"y":480,"t":1781447870862},{"x":665,"y":467,"t":1781447870912},{"x":650,"y":457,"t":1781447870962},{"x":638,"y":437,"t":1781447871012},{"x":623,"y":412,"t":1781447871062},{"x":620,"y":407,"t":1781447871220},{"x":622,"y":421,"t":1781447871271},{"x":623,"y":431,"t":1781447871329}],"clicks":[{"x":623,"y":432,"t":1781447871446,"target":"input"}],"windowEvents":[{"type":"blur","t":1781447869008},{"type":"focus","t":1781447871373}]}
{"sessionId":"cr9pto-2d1b-4ddd-93b4","mouseMovements":[{"x":623,"y":433,"t":1781447876461},{"x":605,"y":440,"t":1781447876513},{"x":597,"y":448,"t":1781447876563},{"x":596,"y":449,"t":1781447876630},{"x":592,"y":451,"t":1781447876680},{"x":589,"y":454,"t":1781447876730},{"x":580,"y":465,"t":1781447876788},{"x":575,"y":470,"t":1781447876838},{"x":573,"y":473,"t":1781447876909},{"x":568,"y":478,"t":1781447876963},{"x":565,"y":482,"t":1781447877013},{"x":563,"y":484,"t":1781447877140},{"x":566,"y":478,"t":1781447877196}],"clicks":[{"x":566,"y":476,"t":1781447877457,"target":"label"},{"x":566,"y":476,"t":1781447877458,"target":"input"}],"windowEvents":[]}
{"sessionId":"cr9pto-2d1b-4ddd-93b4","mouseMovements":[{"x":565,"y":476,"t":1781447877639},{"x":539,"y":465,"t":1781447877696},{"x":500,"y":442,"t":1781447877746},{"x":447,"y":409,"t":1781447877796},{"x":412,"y":384,"t":1781447877846},{"x":392,"y":361,"t":1781447877897},{"x":382,"y":341,"t":1781447877955},{"x":379,"y":332,"t":1781447878005},{"x":378,"y":329,"t":1781447878072},{"x":379,"y":328,"t":1781447878331},{"x":400,"y":322,"t":1781447878388},{"x":457,"y":312,"t":1781447878438},{"x":570,"y":293,"t":1781447878488},{"x":707,"y":275,"t":1781447878538},{"x":798,"y":264,"t":1781447878588},{"x":828,"y":260,"t":1781447878639},{"x":852,"y":257,"t":1781447878696},{"x":873,"y":250,"t":1781447878747},{"x":897,"y":242,"t":1781447878797},{"x":926,"y":234,"t":1781447878847},{"x":950,"y":227,"t":1781447878897},{"x":959,"y":225,"t":1781447878947},{"x":959,"y":226,"t":1781447879024},{"x":959,"y":266,"t":1781447879080},{"x":959,"y":311,"t":1781447879130},{"x":956,"y":355,"t":1781447879180},{"x":956,"y":390,"t":1781447879230},{"x":956,"y":414,"t":1781447879280},{"x":956,"y":429,"t":1781447879330},{"x":957,"y":438,"t":1781447879380},{"x":956,"y":441,"t":1781447879678},{"x":928,"y":447,"t":1781447879730},{"x":888,"y":455,"t":1781447879780},{"x":839,"y":466,"t":1781447879830},{"x":786,"y":476,"t":1781447879880},{"x":727,"y":487,"t":1781447879930},{"x":670,"y":498,"t":1781447879980},{"x":628,"y":506,"t":1781447880030},{"x":601,"y":512,"t":1781447880080},{"x":592,"y":513,"t":1781447880211},{"x":592,"y":512,"t":1781447880323},{"x":587,"y":466,"t":1781447880380},{"x":584,"y":422,"t":1781447880430},{"x":581,"y":374,"t":1781447880480},{"x":580,"y":332,"t":1781447880531}],"clicks":[{"x":378,"y":329,"t":1781447878218,"target":"body"}],"windowEvents":[]}
{"sessionId":"cr9pto-02bf-41ac-a43e","mouseMovements":[{"x":116,"y":2,"t":1781447883823},{"x":132,"y":35,"t":1781447883873},{"x":180,"y":99,"t":1781447883931},{"x":218,"y":150,"t":1781447883981},{"x":232,"y":172,"t":1781447884031},{"x":233,"y":175,"t":1781447884201},{"x":286,"y":209,"t":1781447884255},{"x":440,"y":284,"t":1781447884306},{"x":559,"y":340,"t":1781447884356},{"x":571,"y":347,"t":1781447884525},{"x":557,"y":368,"t":1781447884581},{"x":533,"y":396,"t":1781447884631},{"x":514,"y":412,"t":1781447884681},{"x":489,"y":417,"t":1781447884731},{"x":475,"y":421,"t":1781447884781},{"x":471,"y":425,"t":1781447884867},{"x":492,"y":447,"t":1781447884922},{"x":503,"y":455,"t":1781447884973},{"x":503,"y":454,"t":1781447885101},{"x":503,"y":441,"t":1781447885156}],"clicks":[{"x":233,"y":174,"t":1781447884125,"target":"body"},{"x":571,"y":346,"t":1781447884456,"target":"p"},{"x":503,"y":440,"t":1781447885275,"target":"input"}],"windowEvents":[{"type":"focus","t":1781447883399}]}
{"sessionId":"cr9pto-02bf-41ac-a43e","mouseMovements":[{"x":503,"y":441,"t":1781447886736},{"x":507,"y":462,"t":1781447886790},{"x":514,"y":489,"t":1781447886848},{"x":523,"y":501,"t":1781447886898},{"x":539,"y":509,"t":1781447886948},{"x":574,"y":515,"t":1781447886999},{"x":623,"y":518,"t":1781447887056},{"x":625,"y":518,"t":1781447888178},{"x":624,"y":518,"t":1781447888332},{"x":623,"y":518,"t":1781447888407},{"x":622,"y":517,"t":1781447888463},{"x":620,"y":517,"t":1781447888521},{"x":618,"y":517,"t":1781447888631},{"x":617,"y":517,"t":1781447888714},{"x":616,"y":517,"t":1781447888848},{"x":615,"y":517,"t":1781447888898},{"x":611,"y":517,"t":1781447888948},{"x":605,"y":519,"t":1781447888998},{"x":587,"y":523,"t":1781447889048},{"x":562,"y":524,"t":1781447889098},{"x":528,"y":504,"t":1781447889148},{"x":481,"y":453,"t":1781447889198},{"x":454,"y":355,"t":1781447889248},{"x":455,"y":249,"t":1781447889298},{"x":480,"y":171,"t":1781447889348},{"x":517,"y":113,"t":1781447889399}],"clicks":[{"x":626,"y":518,"t":1781447887492,"target":"input"}],"windowEvents":[]}
{"sessionId":"cr9pto-02bf-41ac-a43e","mouseMovements":[{"x":535,"y":84,"t":1781447889457},{"x":531,"y":54,"t":1781447889507},{"x":490,"y":19,"t":1781447889557}],"clicks":[],"windowEvents":[{"type":"blur","t":1781447889745}]}
{"sessionId":"cr9pto-02bf-41ac-a43e","mouseMovements":[{"x":149,"y":9,"t":1781447894982}],"clicks":[],"windowEvents":[]}
{"sessionId":"cr9pto-02bf-41ac-a43e","mouseMovements":[{"x":34,"y":196,"t":1781447905601},{"x":233,"y":172,"t":1781447905651}],"clicks":[],"windowEvents":[]}
{"sessionId":"cr8pto-a7ad-43d6-bc88","mouseMovements":[{"x":359,"y":3,"t":1781447920220},{"x":228,"y":117,"t":1781447920270},{"x":350,"y":622,"t":1781447920920},{"x":396,"y":567,"t":1781447920970},{"x":422,"y":498,"t":1781447921020},{"x":433,"y":461,"t":1781447921070},{"x":450,"y":405,"t":1781447921120},{"x":464,"y":365,"t":1781447921170},{"x":470,"y":356,"t":1781447921220},{"x":471,"y":354,"t":1781447921463},{"x":518,"y":317,"t":1781447921520},{"x":592,"y":262,"t":1781447921570},{"x":634,"y":228,"t":1781447921620},{"x":650,"y":218,"t":1781447921673},{"x":650,"y":217,"t":1781447921800},{"x":651,"y":217,"t":1781447921862},{"x":698,"y":215,"t":1781447921912},{"x":819,"y":224,"t":1781447921962},{"x":910,"y":226,"t":1781447922012},{"x":940,"y":223,"t":1781447922063},{"x":948,"y":220,"t":1781447922118}],"clicks":[{"x":471,"y":355,"t":1781447921331,"target":"div"},{"x":650,"y":217,"t":1781447921805,"target":"body"}],"windowEvents":[{"type":"focus","t":1781447919242}]}
{"sessionId":"cr8pto-a7ad-43d6-bc88","mouseMovements":[{"x":948,"y":219,"t":1781447922278},{"x":939,"y":243,"t":1781447922329},{"x":926,"y":294,"t":1781447922387},{"x":916,"y":367,"t":1781447922437},{"x":912,"y":446,"t":1781447922487},{"x":915,"y":488,"t":1781447922538},{"x":916,"y":491,"t":1781447922595},{"x":927,"y":471,"t":1781447922645},{"x":929,"y":401,"t":1781447922696},{"x":896,"y":303,"t":1781447922746},{"x":835,"y":215,"t":1781447922796},{"x":751,"y":158,"t":1781447922854},{"x":681,"y":145,"t":1781447922904},{"x":603,"y":150,"t":1781447922954},{"x":520,"y":173,"t":1781447923004},{"x":456,"y":213,"t":1781447923054},{"x":424,"y":293,"t":1781447923104},{"x":428,"y":404,"t":1781447923155},{"x":498,"y":527,"t":1781447923212},{"x":615,"y":567,"t":1781447923263},{"x":725,"y":553,"t":1781447923321},{"x":816,"y":451,"t":1781447923379},{"x":834,"y":342,"t":1781447923429},{"x":794,"y":254,"t":1781447923479},{"x":744,"y":211,"t":1781447923529},{"x":675,"y":186,"t":1781447923579},{"x":617,"y":180,"t":1781447923629},{"x":577,"y":180,"t":1781447923679},{"x":574,"y":182,"t":1781447923824},{"x":578,"y":219,"t":1781447923879},{"x":592,"y":292,"t":1781447923929},{"x":597,"y":349,"t":1781447923979},{"x":593,"y":369,"t":1781447924029},{"x":590,"y":374,"t":1781447924313},{"x":579,"y":387,"t":1781447924371},{"x":570,"y":400,"t":1781447924421},{"x":561,"y":417,"t":1781447924471},{"x":552,"y":433,"t":1781447924521},{"x":545,"y":446,"t":1781447924571},{"x":541,"y":452,"t":1781447924638},{"x":541,"y":451,"t":1781447924846},{"x":542,"y":444,"t":1781447924899}],"clicks":[{"x":574,"y":181,"t":1781447923758,"target":"body"},{"x":591,"y":374,"t":1781447924194,"target":"div"},{"x":544,"y":441,"t":1781447925113,"target":"input"}],"windowEvents":[]}
{"sessionId":"cr8pto-a7ad-43d6-bc88","mouseMovements":[{"x":544,"y":440,"t":1781447926515}],"clicks":[],"windowEvents":[]}
{"sessionId":"cr8pto-a7ad-43d6-bc88","mouseMovements":[{"x":544,"y":441,"t":1781447929810},{"x":537,"y":465,"t":1781447929863},{"x":522,"y":494,"t":1781447929913},{"x":510,"y":511,"t":1781447929963},{"x":505,"y":515,"t":1781447930023}],"clicks":[{"x":503,"y":517,"t":1781447931300,"target":"input"}],"windowEvents":[]}
{"sessionId":"cr8pto-a7ad-43d6-bc88","mouseMovements":[{"x":502,"y":517,"t":1781447932788},{"x":499,"y":519,"t":1781447932843},{"x":497,"y":521,"t":1781447932897},{"x":493,"y":529,"t":1781447932947},{"x":490,"y":535,"t":1781447932997},{"x":486,"y":544,"t":1781447933047},{"x":482,"y":553,"t":1781447933097},{"x":478,"y":558,"t":1781447933149},{"x":475,"y":563,"t":1781447933206},{"x":473,"y":566,"t":1781447933264},{"x":472,"y":567,"t":1781447933357},{"x":471,"y":567,"t":1781447933770},{"x":466,"y":568,"t":1781447933825},{"x":460,"y":569,"t":1781447933875}],"clicks":[{"x":472,"y":567,"t":1781447933554,"target":"div"},{"x":458,"y":569,"t":1781447934041,"target":"input"}],"windowEvents":[]}
{"sessionId":"cr8pto-a7ad-43d6-bc88","mouseMovements":[{"x":458,"y":570,"t":1781447934871},{"x":458,"y":587,"t":1781447934923},{"x":459,"y":604,"t":1781447934981},{"x":460,"y":615,"t":1781447935031},{"x":460,"y":624,"t":1781447935081},{"x":460,"y":630,"t":1781447935131},{"x":461,"y":632,"t":1781447935259},{"x":481,"y":630,"t":1781447935314},{"x":493,"y":629,"t":1781447935365},{"x":495,"y":629,"t":1781447935963},{"x":534,"y":624,"t":1781447936014},{"x":619,"y":622,"t":1781447936065},{"x":703,"y":621,"t":1781447936115},{"x":762,"y":620,"t":1781447936165},{"x":774,"y":620,"t":1781447936612},{"x":760,"y":619,"t":1781447936665},{"x":728,"y":614,"t":1781447936723},{"x":679,"y":606,"t":1781447936773},{"x":608,"y":602,"t":1781447936823},{"x":538,"y":600,"t":1781447936874},{"x":478,"y":592,"t":1781447936924},{"x":429,"y":576,"t":1781447936974},{"x":392,"y":554,"t":1781447937031},{"x":376,"y":531,"t":1781447937081},{"x":373,"y":518,"t":1781447937132}],"clicks":[{"x":494,"y":629,"t":1781447935768,"target":"button"},{"x":775,"y":620,"t":1781447936301,"target":"button"}],"windowEvents":[]}
{"sessionId":"cr8pto-a7ad-43d6-bc88","mouseMovements":[{"x":372,"y":518,"t":1781447937649},{"x":315,"y":533,"t":1781447937707},{"x":108,"y":565,"t":1781447937757}],"clicks":[{"x":373,"y":518,"t":1781447937438,"target":"body"}],"windowEvents":[{"type":"blur","t":1781447938786}]}
{"sessionId":"cr8pto-a7ad-43d6-bc88","mouseMovements":[{"x":349,"y":8,"t":1781447997775}],"clicks":[],"windowEvents":[{"type":"focus","t":1781447996095},{"type":"blur","t":1781447998397}]}
{"sessionId":"crbpto-ad25-4b3c-aebd","mouseMovements":[{"x":259,"y":3,"t":1781448003434}],"clicks":[],"windowEvents":[{"type":"focus","t":1781448002250}]}
{"sessionId":"crbpto-ad25-4b3c-aebd","mouseMovements":[{"x":355,"y":154,"t":1781448014061},{"x":665,"y":257,"t":1781448014111},{"x":844,"y":325,"t":1781448014168},{"x":871,"y":336,"t":1781448014297},{"x":870,"y":336,"t":1781448014405},{"x":842,"y":339,"t":1781448014461}],"clicks":[],"windowEvents":[{"type":"focus","t":1781448013808}]}
{"sessionId":"crbpto-ad25-4b3c-aebd","mouseMovements":[{"x":776,"y":326,"t":1781448014511},{"x":758,"y":319,"t":1781448014615},{"x":756,"y":311,"t":1781448014669},{"x":756,"y":303,"t":1781448014719},{"x":757,"y":299,"t":1781448014771},{"x":756,"y":299,"t":1781448015084},{"x":754,"y":300,"t":1781448015153},{"x":753,"y":300,"t":1781448015429},{"x":708,"y":270,"t":1781448015486}],"clicks":[],"windowEvents":[{"type":"blur","t":1781448015532}]}
{"sessionId":"crbpto-ad25-4b3c-aebd","mouseMovements":[{"x":1095,"y":663,"t":1781448018345},{"x":1093,"y":663,"t":1781448018512},{"x":1078,"y":664,"t":1781448018562},{"x":1076,"y":666,"t":1781448018635},{"x":1074,"y":732,"t":1781448018687},{"x":1150,"y":892,"t":1781448018745},{"x":1193,"y":953,"t":1781448018795},{"x":1187,"y":962,"t":1781448018845},{"x":1122,"y":975,"t":1781448018895},{"x":1071,"y":988,"t":1781448018945},{"x":1068,"y":990,"t":1781448018999},{"x":1069,"y":1002,"t":1781448019053},{"x":12,"y":796,"t":1781448020419}],"clicks":[],"windowEvents":[{"type":"focus","t":1781448018330}]}
{"sessionId":"crbpto-ad25-4b3c-aebd","mouseMovements":[],"clicks":[],"windowEvents":[{"type":"focus","t":1781448217388}]}
{"sessionId":"crbpto-ad25-4b3c-aebd","mouseMovements":[],"clicks":[],"windowEvents":[{"type":"blur","t":1781448220920},{"type":"focus","t":1781448220989}]}
{"sessionId":"crbpto-ad25-4b3c-aebd","mouseMovements":[{"x":31,"y":95,"t":1781448222250},{"x":624,"y":358,"t":1781448223734},{"x":654,"y":358,"t":1781448223792},{"x":701,"y":366,"t":1781448223842},{"x":755,"y":376,"t":1781448223900},{"x":792,"y":386,"t":1781448223950},{"x":830,"y":391,"t":1781448224000},{"x":864,"y":394,"t":1781448224051},{"x":922,"y":383,"t":1781448224109},{"x":1020,"y":232,"t":1781448224167},{"x":1050,"y":23,"t":1781448224217},{"x":986,"y":1,"t":1781448224325},{"x":973,"y":26,"t":1781448224375},{"x":1020,"y":60,"t":1781448224425},{"x":1379,"y":106,"t":1781448224475},{"x":1846,"y":236,"t":1781448224526}],"clicks":[],"windowEvents":[{"type":"blur","t":1781448222015},{"type":"focus","t":1781448222077},{"type":"blur","t":1781448223516},{"type":"focus","t":1781448223664}]}
{"sessionId":"crbpto-ad25-4b3c-aebd","mouseMovements":[{"x":1661,"y":326,"t":1781448227551}],"clicks":[],"windowEvents":[{"type":"blur","t":1781448226284}]}
{"sessionId":"crbpto-ad25-4b3c-aebd","mouseMovements":[{"x":725,"y":188,"t":1781448231935},{"x":713,"y":197,"t":1781448231985},{"x":714,"y":197,"t":1781448232047}],"clicks":[],"windowEvents":[]}
{"sessionId":"crbpto-ad25-4b3c-aebd","mouseMovements":[{"x":354,"y":148,"t":1781448236952},{"x":515,"y":204,"t":1781448237002},{"x":744,"y":236,"t":1781448237053},{"x":935,"y":263,"t":1781448237685},{"x":849,"y":220,"t":1781448237735},{"x":788,"y":179,"t":1781448237785},{"x":762,"y":165,"t":1781448237835},{"x":758,"y":166,"t":1781448238234},{"x":758,"y":176,"t":1781448238285},{"x":759,"y":185,"t":1781448238336},{"x":759,"y":197,"t":1781448238386},{"x":748,"y":229,"t":1781448238444},{"x":733,"y":254,"t":1781448238494},{"x":691,"y":270,"t":1781448238544},{"x":651,"y":273,"t":1781448238594},{"x":610,"y":255,"t":1781448238644},{"x":574,"y":219,"t":1781448238695},{"x":559,"y":190,"t":1781448238752},{"x":557,"y":187,"t":1781448238933},{"x":588,"y":184,"t":1781448238986},{"x":671,"y":178,"t":1781448239036},{"x":787,"y":161,"t":1781448239086},{"x":846,"y":153,"t":1781448239136},{"x":846,"y":153,"t":1781448239299},{"x":823,"y":154,"t":1781448239353},{"x":758,"y":152,"t":1781448239403},{"x":640,"y":101,"t":1781448239461},{"x":569,"y":81,"t":1781448239511},{"x":533,"y":81,"t":1781448239561},{"x":481,"y":85,"t":1781448239611},{"x":371,"y":72,"t":1781448239661},{"x":253,"y":14,"t":1781448239711}],"clicks":[{"x":758,"y":165,"t":1781448238050,"target":"body"},{"x":556,"y":187,"t":1781448238861,"target":"body"}],"windowEvents":[{"type":"focus","t":1781448237982}]}
{"sessionId":"crapto-3c72-48c6-a916","mouseMovements":[{"x":123,"y":2,"t":1781448240503},{"x":137,"y":12,"t":1781448240561},{"x":145,"y":21,"t":1781448240611},{"x":152,"y":28,"t":1781448240661},{"x":157,"y":35,"t":1781448240711},{"x":165,"y":38,"t":1781448240761},{"x":194,"y":39,"t":1781448240811},{"x":248,"y":44,"t":1781448240861},{"x":286,"y":53,"t":1781448240911},{"x":321,"y":62,"t":1781448240962},{"x":376,"y":78,"t":1781448241020},{"x":417,"y":89,"t":1781448241070},{"x":439,"y":94,"t":1781448241132},{"x":439,"y":95,"t":1781448241318},{"x":448,"y":160,"t":1781448241369},{"x":454,"y":277,"t":1781448241420},{"x":467,"y":390,"t":1781448241470},{"x":472,"y":460,"t":1781448241520},{"x":474,"y":467,"t":1781448241646},{"x":485,"y":450,"t":1781448242349},{"x":490,"y":442,"t":1781448242403}],"clicks":[{"x":439,"y":94,"t":1781448241221,"target":"body"},{"x":485,"y":451,"t":1781448241818,"target":"input"}],"windowEvents":[{"type":"focus","t":1781448240197}]}
{"sessionId":"crapto-3c72-48c6-a916","mouseMovements":[{"x":493,"y":440,"t":1781448243500},{"x":565,"y":427,"t":1781448243553},{"x":833,"y":358,"t":1781448243603}],"clicks":[],"windowEvents":[{"type":"blur","t":1781448245076}]}
{"sessionId":"crapto-3c72-48c6-a916","mouseMovements":[{"x":908,"y":483,"t":1781448247120},{"x":749,"y":525,"t":1781448247171},{"x":701,"y":558,"t":1781448247221},{"x":678,"y":593,"t":1781448247271},{"x":652,"y":614,"t":1781448247321},{"x":635,"y":607,"t":1781448247379},{"x":617,"y":528,"t":1781448247429},{"x":572,"y":415,"t":1781448247480},{"x":544,"y":370,"t":1781448247537},{"x":542,"y":365,"t":1781448247772},{"x":536,"y":400,"t":1781448247829},{"x":530,"y":424,"t":1781448247879},{"x":529,"y":433,"t":1781448247930},{"x":526,"y":443,"t":1781448247987},{"x":525,"y":447,"t":1781448248312},{"x":525,"y":448,"t":1781448248365}],"clicks":[{"x":542,"y":364,"t":1781448247692,"target":"div"},{"x":525,"y":446,"t":1781448248177,"target":"input"}],"windowEvents":[{"type":"focus","t":1781448247593}]}
{"sessionId":"crapto-3c72-48c6-a916","mouseMovements":[{"x":526,"y":448,"t":1781448249947},{"x":611,"y":435,"t":1781448250004},{"x":888,"y":394,"t":1781448250054}],"clicks":[],"windowEvents":[{"type":"blur","t":1781448251259}]}
{"sessionId":"crapto-d2bb-4418-a2b4","mouseMovements":[{"x":0,"y":0,"t":1781448265445},{"x":30,"y":25,"t":1781448265506},{"x":60,"y":50,"t":1781448265567},{"x":90,"y":75,"t":1781448265628},{"x":120,"y":100,"t":1781448265691},{"x":150,"y":125,"t":1781448265754},{"x":180,"y":150,"t":1781448265815},{"x":210,"y":175,"t":1781448265877},{"x":240,"y":200,"t":1781448265940},{"x":270,"y":225,"t":1781448266007},{"x":300,"y":250,"t":1781448266066},{"x":640,"y":317,"t":1781448266163}],"clicks":[{"x":640,"y":317,"t":1781448266164,"target":"input"}],"windowEvents":[]}
{"sessionId":"crapto-d2bb-4418-a2b4","mouseMovements":[{"x":300,"y":250,"t":1781448268902},{"x":300,"y":257,"t":1781448268969},{"x":300,"y":264,"t":1781448269031},{"x":300,"y":271,"t":1781448269093},{"x":300,"y":278,"t":1781448269155},{"x":300,"y":285,"t":1781448269217},{"x":300,"y":292,"t":1781448269279},{"x":300,"y":299,"t":1781448269341},{"x":300,"y":306,"t":1781448269401},{"x":300,"y":313,"t":1781448269465},{"x":300,"y":320,"t":1781448269528},{"x":640,"y":403,"t":1781448269583}],"clicks":[{"x":640,"y":403,"t":1781448269585,"target":"input"}],"windowEvents":[]}
{"sessionId":"crapto-d2bb-4418-a2b4","mouseMovements":[{"x":300,"y":320,"t":1781448272371},{"x":288,"y":326,"t":1781448272429},{"x":276,"y":332,"t":1781448272496},{"x":264,"y":338,"t":1781448272559},{"x":252,"y":344,"t":1781448272620},{"x":240,"y":350,"t":1781448272682},{"x":228,"y":356,"t":1781448272745},{"x":216,"y":362,"t":1781448272802},{"x":204,"y":368,"t":1781448272869},{"x":192,"y":374,"t":1781448272931},{"x":180,"y":380,"t":1781448272993},{"x":180,"y":380,"t":1781448273285},{"x":192,"y":386,"t":1781448273348}],"clicks":[{"x":470,"y":453,"t":1781448273028,"target":"input"}],"windowEvents":[]}
{"sessionId":"crapto-d2bb-4418-a2b4","mouseMovements":[{"x":204,"y":392,"t":1781448273412},{"x":216,"y":398,"t":1781448273475},{"x":228,"y":404,"t":1781448273541},{"x":240,"y":410,"t":1781448273603},{"x":252,"y":416,"t":1781448273661},{"x":264,"y":422,"t":1781448273724},{"x":276,"y":428,"t":1781448273786},{"x":288,"y":434,"t":1781448273853},{"x":300,"y":440,"t":1781448273912}],"clicks":[{"x":733,"y":509,"t":1781448273953,"target":"button"}],"windowEvents":[]}
{"sessionId":"crapto-3c72-48c6-a916","mouseMovements":[{"x":934,"y":903,"t":1781448277751},{"x":679,"y":774,"t":1781448277801},{"x":650,"y":762,"t":1781448278039},{"x":658,"y":759,"t":1781448278092},{"x":696,"y":758,"t":1781448278143},{"x":779,"y":766,"t":1781448278193},{"x":822,"y":769,"t":1781448278251},{"x":824,"y":768,"t":1781448278488},{"x":830,"y":754,"t":1781448278543},{"x":863,"y":696,"t":1781448278593}],"clicks":[],"windowEvents":[]}
{"sessionId":"crypto-xxxx-4xxx-yxxx","mouseMovements":[{"x":0,"y":0,"t":0}],"clicks":[{"x":0,"y":0,"t":0,"target":"string"}],"windowEvents":[{"type":"string","t":0}]}
{"sessionId":"crapto-3c72-48c6-a916","mouseMovements":[{"x":945,"y":463,"t":1781448289745},{"x":775,"y":422,"t":1781448289802},{"x":690,"y":371,"t":1781448289853},{"x":669,"y":286,"t":1781448289903},{"x":682,"y":208,"t":1781448289953},{"x":683,"y":197,"t":1781448290152},{"x":655,"y":197,"t":1781448290202},{"x":548,"y":199,"t":1781448290253},{"x":388,"y":222,"t":1781448290303},{"x":216,"y":291,"t":1781448290353},{"x":128,"y":375,"t":1781448290403},{"x":104,"y":486,"t":1781448290453},{"x":177,"y":584,"t":1781448290511},{"x":304,"y":640,"t":1781448290561},{"x":473,"y":655,"t":1781448290611},{"x":652,"y":587,"t":1781448290662},{"x":775,"y":427,"t":1781448290712},{"x":766,"y":333,"t":1781448290769},{"x":710,"y":284,"t":1781448290820},{"x":672,"y":268,"t":1781448290870},{"x":663,"y":267,"t":1781448290933},{"x":662,"y":267,"t":1781448291055},{"x":699,"y":290,"t":1781448291111},{"x":795,"y":317,"t":1781448291161},{"x":874,"y":335,"t":1781448291212},{"x":937,"y":352,"t":1781448291270}],"clicks":[{"x":684,"y":197,"t":1781448290107,"target":"body"},{"x":662,"y":267,"t":1781448290956,"target":"body"}],"windowEvents":[{"type":"focus","t":1781448290021}]}
{"sessionId":"crapto-3c72-48c6-a916","mouseMovements":[],"clicks":[],"windowEvents":[{"type":"blur","t":1781448292480}]}
{"sessionId":"crapto-3c72-48c6-a916","mouseMovements":[{"x":906,"y":576,"t":1781448299688},{"x":634,"y":505,"t":1781448299738},{"x":413,"y":429,"t":1781448299796},{"x":345,"y":398,"t":1781448299846},{"x":344,"y":389,"t":1781448299896},{"x":347,"y":386,"t":1781448299957},{"x":372,"y":424,"t":1781448300013},{"x":420,"y":469,"t":1781448300063},{"x":444,"y":477,"t":1781448300123},{"x":451,"y":478,"t":1781448300179},{"x":458,"y":482,"t":1781448300229},{"x":458,"y":483,"t":1781448300386},{"x":473,"y":498,"t":1781448300437},{"x":519,"y":485,"t":1781448300487},{"x":546,"y":466,"t":1781448300537}],"clicks":[{"x":458,"y":482,"t":1781448300332,"target":"form"},{"x":548,"y":464,"t":1781448300648,"target":"input"}],"windowEvents":[{"type":"focus","t":1781448300256}]}
{"sessionId":"crbpto-b1e0-4ca2-bb9b","mouseMovements":[{"x":148,"y":2,"t":1781448302438},{"x":207,"y":26,"t":1781448302488},{"x":282,"y":55,"t":1781448302538},{"x":352,"y":84,"t":1781448302589},{"x":387,"y":94,"t":1781448302646},{"x":389,"y":95,"t":1781448302961},{"x":405,"y":109,"t":1781448303014},{"x":489,"y":149,"t":1781448303071},{"x":546,"y":169,"t":1781448303122},{"x":553,"y":172,"t":1781448303298},{"x":556,"y":253,"t":1781448303355},{"x":557,"y":337,"t":1781448303405},{"x":556,"y":381,"t":1781448303455},{"x":554,"y":392,"t":1781448303615},{"x":550,"y":395,"t":1781448303835},{"x":530,"y":441,"t":1781448303888},{"x":517,"y":463,"t":1781448304114},{"x":525,"y":379,"t":1781448304171},{"x":484,"y":84,"t":1781448304222},{"x":549,"y":290,"t":1781448305172}],"clicks":[{"x":389,"y":94,"t":1781448302882,"target":"body"},{"x":552,"y":172,"t":1781448303245,"target":"body"},{"x":554,"y":391,"t":1781448303595,"target":"div"},{"x":517,"y":465,"t":1781448304044,"target":"input"}],"windowEvents":[{"type":"focus","t":1781448302196},{"type":"blur","t":1781448304615}]}
{"sessionId":"crbpto-b1e0-4ca2-bb9b","mouseMovements":[{"x":570,"y":376,"t":1781448305222},{"x":589,"y":414,"t":1781448305272},{"x":611,"y":422,"t":1781448305322},{"x":636,"y":425,"t":1781448305372},{"x":663,"y":416,"t":1781448305422},{"x":695,"y":400,"t":1781448305472},{"x":710,"y":393,"t":1781448305522},{"x":711,"y":392,"t":1781448305751},{"x":672,"y":387,"t":1781448305805},{"x":601,"y":371,"t":1781448305856},{"x":533,"y":352,"t":1781448305913},{"x":497,"y":345,"t":1781448305963},{"x":494,"y":345,"t":1781448306025},{"x":490,"y":350,"t":1781448306080},{"x":488,"y":355,"t":1781448306147},{"x":488,"y":356,"t":1781448306233},{"x":486,"y":373,"t":1781448306289},{"x":484,"y":401,"t":1781448306339},{"x":483,"y":427,"t":1781448306389},{"x":485,"y":442,"t":1781448306439},{"x":485,"y":439,"t":1781448306672},{"x":488,"y":352,"t":1781448306722},{"x":467,"y":63,"t":1781448306772}],"clicks":[{"x":712,"y":392,"t":1781448305681,"target":"body"},{"x":485,"y":443,"t":1781448306613,"target":"input"}],"windowEvents":[{"type":"focus","t":1781448305582},{"type":"blur","t":1781448307187}]}
{"sessionId":"cr8pto-73fb-47e7-8039","mouseMovements":[{"x":496,"y":1,"t":1781448316593},{"x":482,"y":66,"t":1781448316649},{"x":477,"y":100,"t":1781448316699},{"x":476,"y":106,"t":1781448316957},{"x":459,"y":113,"t":1781448317007},{"x":446,"y":143,"t":1781448317057},{"x":434,"y":199,"t":1781448317107},{"x":432,"y":235,"t":1781448317157},{"x":456,"y":314,"t":1781448317208},{"x":479,"y":399,"t":1781448317266},{"x":479,"y":403,"t":1781448317334},{"x":476,"y":404,"t":1781448317439},{"x":464,"y":441,"t":1781448317490},{"x":463,"y":451,"t":1781448317570},{"x":463,"y":452,"t":1781448317744}],"clicks":[{"x":477,"y":106,"t":1781448316869,"target":"body"},{"x":464,"y":461,"t":1781448317943,"target":"input"}],"windowEvents":[{"type":"focus","t":1781448315441}]}
{"sessionId":"cr8pto-73fb-47e7-8039","mouseMovements":[{"x":465,"y":461,"t":1781448318503},{"x":466,"y":461,"t":1781448319434},{"x":513,"y":455,"t":1781448319491},{"x":635,"y":439,"t":1781448319541},{"x":877,"y":373,"t":1781448319599},{"x":942,"y":360,"t":1781448320041},{"x":860,"y":385,"t":1781448320091},{"x":735,"y":425,"t":1781448320141},{"x":628,"y":463,"t":1781448320191},{"x":557,"y":496,"t":1781448320242},{"x":524,"y":517,"t":1781448320299},{"x":513,"y":527,"t":1781448320349},{"x":505,"y":536,"t":1781448320399},{"x":503,"y":540,"t":1781448320450},{"x":501,"y":542,"t":1781448320518},{"x":501,"y":543,"t":1781448320640},{"x":501,"y":546,"t":1781448320696},{"x":502,"y":546,"t":1781448321066}],"clicks":[{"x":501,"y":547,"t":1781448320828,"target":"input"}],"windowEvents":[]}
{"sessionId":"cr8pto-73fb-47e7-8039","mouseMovements":[{"x":502,"y":545,"t":1781448321489},{"x":503,"y":542,"t":1781448321545},{"x":504,"y":538,"t":1781448321615},{"x":506,"y":535,"t":1781448321666},{"x":507,"y":531,"t":1781448321716},{"x":508,"y":526,"t":1781448321766},{"x":510,"y":519,"t":1781448321816},{"x":521,"y":506,"t":1781448321867},{"x":611,"y":455,"t":1781448321917},{"x":872,"y":355,"t":1781448321974},{"x":909,"y":403,"t":1781448323334},{"x":676,"y":566,"t":1781448323391},{"x":614,"y":599,"t":1781448323442},{"x":576,"y":603,"t":1781448323492},{"x":497,"y":586,"t":1781448323542},{"x":457,"y":572,"t":1781448323592},{"x":456,"y":566,"t":1781448323650},{"x":470,"y":547,"t":1781448323700},{"x":541,"y":521,"t":1781448323750},{"x":691,"y":496,"t":1781448323800},{"x":912,"y":468,"t":1781448323850}],"clicks":[],"windowEvents":[{"type":"blur","t":1781448322470}]}
1 change detected
1 change detected
1 change detected
1 change detected
1 change detected
1 change detected
1 change detected
1 change detected
1 change detected
1 change detected
1 change detected
1 change detected
1 change detected
1 change detected
1 change detected
1 change detected
1 change detected
1 change detected
1 change detected
1 change detected
1 change detected
1 change detected
1 change detected
1 change detected
1 change detected
1 change detected
1 change detected
1 change detected
1 change detected
1 change detected
1 change detected
1 change detected
1 change detected
1 change detected
{"sessionId":"crapto-c832-4e4b-9b75","mouseMovements":[{"x":0,"y":0,"t":1781448620278},{"x":30,"y":25,"t":1781448620355},{"x":60,"y":50,"t":1781448620417},{"x":90,"y":75,"t":1781448620482},{"x":120,"y":100,"t":1781448620543},{"x":150,"y":125,"t":1781448620604},{"x":180,"y":150,"t":1781448620664},{"x":210,"y":175,"t":1781448620725},{"x":240,"y":200,"t":1781448620788},{"x":270,"y":225,"t":1781448620850},{"x":300,"y":250,"t":1781448620913},{"x":640,"y":317,"t":1781448620994}],"clicks":[{"x":640,"y":317,"t":1781448620995,"target":"input"}],"windowEvents":[]}
{"sessionId":"crapto-c832-4e4b-9b75","mouseMovements":[{"x":300,"y":250,"t":1781448623722},{"x":300,"y":257,"t":1781448623778},{"x":300,"y":264,"t":1781448623840},{"x":300,"y":271,"t":1781448623902},{"x":300,"y":278,"t":1781448623964},{"x":300,"y":285,"t":1781448624031},{"x":300,"y":292,"t":1781448624088},{"x":300,"y":299,"t":1781448624155},{"x":300,"y":306,"t":1781448624215},{"x":300,"y":313,"t":1781448624274},{"x":300,"y":320,"t":1781448624341}],"clicks":[{"x":640,"y":403,"t":1781448624384,"target":"input"}],"windowEvents":[]}
{"sessionId":"crapto-c832-4e4b-9b75","mouseMovements":[{"x":300,"y":320,"t":1781448627090},{"x":288,"y":326,"t":1781448627152},{"x":276,"y":332,"t":1781448627214},{"x":264,"y":338,"t":1781448627276},{"x":252,"y":344,"t":1781448627340},{"x":240,"y":350,"t":1781448627404},{"x":228,"y":356,"t":1781448627466},{"x":216,"y":362,"t":1781448627530},{"x":204,"y":368,"t":1781448627594},{"x":192,"y":374,"t":1781448627654},{"x":180,"y":380,"t":1781448627720},{"x":470,"y":453,"t":1781448627784},{"x":180,"y":380,"t":1781448628137},{"x":192,"y":386,"t":1781448628198}],"clicks":[{"x":470,"y":453,"t":1781448627785,"target":"input"}],"windowEvents":[]}
{"sessionId":"crapto-c832-4e4b-9b75","mouseMovements":[{"x":204,"y":392,"t":1781448628263},{"x":216,"y":398,"t":1781448628322},{"x":228,"y":404,"t":1781448628389},{"x":240,"y":410,"t":1781448628451},{"x":252,"y":416,"t":1781448628514},{"x":264,"y":422,"t":1781448628574},{"x":276,"y":428,"t":1781448628632},{"x":288,"y":434,"t":1781448628693},{"x":300,"y":440,"t":1781448628756}],"clicks":[{"x":733,"y":509,"t":1781448628801,"target":"button"}],"windowEvents":[]}
1 change detected
1 change detected
2 changes detected
1 change detected
1 change detected
1 change detected
1 change detected
1 change detected
1 change detected
1 change detected
1 change detected
1 change detected
1 change detected
5 changes detected
{"sessionId":"crapto-af66-4ab7-b431","mouseMovements":[{"x":0,"y":0,"t":1781448816343},{"x":30,"y":25,"t":1781448816412},{"x":60,"y":50,"t":1781448816476},{"x":90,"y":75,"t":1781448816539},{"x":120,"y":100,"t":1781448816604},{"x":150,"y":125,"t":1781448816671},{"x":180,"y":150,"t":1781448816749},{"x":210,"y":175,"t":1781448816812},{"x":240,"y":200,"t":1781448816873},{"x":270,"y":225,"t":1781448816930},{"x":300,"y":250,"t":1781448816998},{"x":640,"y":317,"t":1781448817076}],"clicks":[{"x":640,"y":317,"t":1781448817078,"target":"input"}],"windowEvents":[]}
{"sessionId":"crapto-af66-4ab7-b431","mouseMovements":[{"x":300,"y":250,"t":1781448819961},{"x":300,"y":257,"t":1781448820031},{"x":300,"y":264,"t":1781448820112},{"x":300,"y":271,"t":1781448820168},{"x":300,"y":278,"t":1781448820231},{"x":300,"y":285,"t":1781448820294},{"x":300,"y":292,"t":1781448820354},{"x":300,"y":299,"t":1781448820416},{"x":300,"y":306,"t":1781448820483},{"x":300,"y":313,"t":1781448820542},{"x":300,"y":320,"t":1781448820601},{"x":640,"y":403,"t":1781448820658}],"clicks":[{"x":640,"y":403,"t":1781448820662,"target":"input"}],"windowEvents":[]}
{"sessionId":"crapto-af66-4ab7-b431","mouseMovements":[{"x":300,"y":320,"t":1781448823441},{"x":288,"y":326,"t":1781448823503},{"x":276,"y":332,"t":1781448823568},{"x":264,"y":338,"t":1781448823627},{"x":252,"y":344,"t":1781448823694},{"x":240,"y":350,"t":1781448823750},{"x":228,"y":356,"t":1781448823817},{"x":216,"y":362,"t":1781448823897},{"x":204,"y":368,"t":1781448823974},{"x":192,"y":374,"t":1781448824036},{"x":180,"y":380,"t":1781448824111}],"clicks":[{"x":470,"y":453,"t":1781448824159,"target":"input"}],"windowEvents":[]}
{"sessionId":"crapto-af66-4ab7-b431","mouseMovements":[{"x":180,"y":380,"t":1781448824501},{"x":192,"y":386,"t":1781448824559},{"x":204,"y":392,"t":1781448824621},{"x":216,"y":398,"t":1781448824682},{"x":228,"y":404,"t":1781448824751},{"x":240,"y":410,"t":1781448824822},{"x":252,"y":416,"t":1781448824889},{"x":264,"y":422,"t":1781448824944},{"x":276,"y":428,"t":1781448825007},{"x":288,"y":434,"t":1781448825076},{"x":300,"y":440,"t":1781448825131},{"x":733,"y":509,"t":1781448825185}],"clicks":[{"x":733,"y":509,"t":1781448825186,"target":"button"}],"windowEvents":[]}
2 changes detected
1 change detected
1 change detected
1 change detected
1 change detected
1 change detected
1 change detected
1 change detected
1 change detected
1 change detected
1 change detected
1 change detected
1 change detected
1 change detected
1 change detected
Tampering attempt detected! Invalid token format or signature: undefined
Tampering attempt detected! Invalid token format or signature: undefined
Tampering attempt detected! Invalid token format or signature: undefined
Tampering attempt detected! Invalid token format or signature: undefined
1 change detected
1 change detected
1 change detected
{"sessionId": "57c5a0b3-4b88-4e43-a599-613ecfdd2ca7", "movements": [{"x": 569.0, "y": 640.0, "t": 1781453852985}, {"x": 569.0, "y": 641.0, "t": 1781453853273}, {"x": 567.0, "y": 658.0, "t": 1781453853324}, {"x": 550.0, "y": 703.0, "t": 1781453853374}, {"x": 0.0, "y": 0.0, "t": 1781453853942}, {"x": 30.0, "y": 25.0, "t": 1781453854002}, {"x": 60.0, "y": 50.0, "t": 1781453854066}, {"x": 90.0, "y": 75.0, "t": 1781453854126}, {"x": 120.0, "y": 100.0, "t": 1781453854188}, {"x": 150.0, "y": 125.0, "t": 1781453854252}, {"x": 180.0, "y": 150.0, "t": 1781453854315}, {"x": 210.0, "y": 175.0, "t": 1781453854375}, {"x": 240.0, "y": 200.0, "t": 1781453854438}, {"x": 270.0, "y": 225.0, "t": 1781453854502}, {"x": 300.0, "y": 250.0, "t": 1781453854565}, {"x": 640.0, "y": 317.0, "t": 1781453854648}]}
{"sessionId": "57c5a0b3-4b88-4e43-a599-613ecfdd2ca7", "movements": [{"x": 300.0, "y": 250.0, "t": 1781453857380}, {"x": 300.0, "y": 257.0, "t": 1781453857453}, {"x": 300.0, "y": 264.0, "t": 1781453857510}, {"x": 300.0, "y": 271.0, "t": 1781453857577}, {"x": 300.0, "y": 278.0, "t": 1781453857634}, {"x": 300.0, "y": 285.0, "t": 1781453857695}, {"x": 300.0, "y": 292.0, "t": 1781453857757}, {"x": 300.0, "y": 299.0, "t": 1781453857824}, {"x": 300.0, "y": 306.0, "t": 1781453857884}, {"x": 300.0, "y": 313.0, "t": 1781453857947}, {"x": 300.0, "y": 320.0, "t": 1781453858012}, {"x": 640.0, "y": 403.0, "t": 1781453858081}]}
{"sessionId": "57c5a0b3-4b88-4e43-a599-613ecfdd2ca7", "movements": [{"x": 300.0, "y": 320.0, "t": 1781453860920}, {"x": 288.0, "y": 326.0, "t": 1781453860990}, {"x": 276.0, "y": 332.0, "t": 1781453861055}, {"x": 264.0, "y": 338.0, "t": 1781453861118}, {"x": 252.0, "y": 344.0, "t": 1781453861182}, {"x": 240.0, "y": 350.0, "t": 1781453861240}, {"x": 228.0, "y": 356.0, "t": 1781453861305}, {"x": 216.0, "y": 362.0, "t": 1781453861367}, {"x": 204.0, "y": 368.0, "t": 1781453861433}, {"x": 192.0, "y": 374.0, "t": 1781453861494}, {"x": 180.0, "y": 380.0, "t": 1781453861556}, {"x": 470.0, "y": 453.0, "t": 1781453861618}, {"x": 180.0, "y": 380.0, "t": 1781453861882}]}
{"sessionId": "57c5a0b3-4b88-4e43-a599-613ecfdd2ca7", "movements": [{"x": 192.0, "y": 386.0, "t": 1781453861939}, {"x": 204.0, "y": 392.0, "t": 1781453862001}, {"x": 216.0, "y": 398.0, "t": 1781453862063}, {"x": 228.0, "y": 404.0, "t": 1781453862127}, {"x": 240.0, "y": 410.0, "t": 1781453862187}, {"x": 252.0, "y": 416.0, "t": 1781453862248}, {"x": 264.0, "y": 422.0, "t": 1781453862313}, {"x": 276.0, "y": 428.0, "t": 1781453862372}, {"x": 288.0, "y": 434.0, "t": 1781453862436}, {"x": 300.0, "y": 440.0, "t": 1781453862496}, {"x": 733.0, "y": 509.0, "t": 1781453862547}]}
1 change detected
1 change detected
1 change detected
1 change detected
1 change detected
1 change detected
1 change detected
6 changes detected
1 change detected
1 change detected
5 changes detected
1 change detected
1 change detected
1 change detected
5 changes detected
1 change detected
1 change detected
5 changes detected
1 change detected
1 change detected
1 change detected
1 change detected
1 change detected
1 change detected
1 change detected
1 change detected
1 change detected
1 change detected
1 change detected
1 change detected
1 change detected
1 change detected
1 change detected
1 change detected
1 change detected
1 change detected
1 change detected
1 change detected
1 change detected
{"type": "session_init", "sessionId": "7d3e1c84-0399-475c-8965-435af4c49f81", "context": {"screenWidth": 1280, "screenHeight": 720, "viewportWidth": 1280, "viewportHeight": 720, "devicePixelRatio": 1.0}, "timestamp": 1781454633.5256438}
{"type": "telemetry_batch", "sessionId": "7d3e1c84-0399-475c-8965-435af4c49f81", "movements": [{"x": 0.44531, "y": 0.88889, "t": 1781454634204}, {"x": 0.39531, "y": 0.91806, "t": 1781454634254}, {"x": 0.30547, "y": 0.95833, "t": 1781454634304}, {"x": 0.07813, "y": 0.13889, "t": 1781454634536}, {"x": 0.08906, "y": 0.14583, "t": 1781454634593}, {"x": 0.11094, "y": 0.16111, "t": 1781454634691}, {"x": 0.12187, "y": 0.16944, "t": 1781454634754}, {"x": 0.13281, "y": 0.17778, "t": 1781454634810}, {"x": 0.15469, "y": 0.19306, "t": 1781454634902}, {"x": 0.17656, "y": 0.20833, "t": 1781454635000}, {"x": 0.1875, "y": 0.21667, "t": 1781454635062}, {"x": 0.19844, "y": 0.22361, "t": 1781454635124}, {"x": 0.20938, "y": 0.23194, "t": 1781454635186}, {"x": 0.22031, "y": 0.23889, "t": 1781454635248}, {"x": 0.23125, "y": 0.24722, "t": 1781454635311}, {"x": 0.24219, "y": 0.25556, "t": 1781454635374}, {"x": 0.25312, "y": 0.2625, "t": 1781454635437}, {"x": 0.26406, "y": 0.27083, "t": 1781454635496}, {"x": 0.28594, "y": 0.28611, "t": 1781454635587}, {"x": 0.30781, "y": 0.30139, "t": 1781454635682}, {"x": 0.32969, "y": 0.31667, "t": 1781454635776}, {"x": 0.35156, "y": 0.33333, "t": 1781454635870}, {"x": 0.5, "y": 0.44028, "t": 1781454635994}]}
{"type": "telemetry_batch", "sessionId": "7d3e1c84-0399-475c-8965-435af4c49f81", "movements": [{"x": 0.35156, "y": 0.33333, "t": 1781454637696}, {"x": 0.35156, "y": 0.33611, "t": 1781454637750}, {"x": 0.35156, "y": 0.34444, "t": 1781454637844}, {"x": 0.35156, "y": 0.35278, "t": 1781454637955}, {"x": 0.35156, "y": 0.35556, "t": 1781454638013}, {"x": 0.35156, "y": 0.35972, "t": 1781454638065}, {"x": 0.35156, "y": 0.36389, "t": 1781454638124}, {"x": 0.35156, "y": 0.37222, "t": 1781454638214}, {"x": 0.35156, "y": 0.375, "t": 1781454638265}, {"x": 0.35156, "y": 0.37917, "t": 1781454638326}, {"x": 0.35156, "y": 0.38333, "t": 1781454638398}, {"x": 0.35156, "y": 0.39167, "t": 1781454638491}, {"x": 0.35156, "y": 0.39861, "t": 1781454638584}, {"x": 0.35156, "y": 0.40694, "t": 1781454638676}, {"x": 0.35156, "y": 0.41389, "t": 1781454638769}, {"x": 0.35156, "y": 0.42222, "t": 1781454638863}, {"x": 0.35156, "y": 0.43056, "t": 1781454638956}, {"x": 0.5, "y": 0.55972, "t": 1781454639017}]}
{"type": "telemetry_batch", "sessionId": "7d3e1c84-0399-475c-8965-435af4c49f81", "movements": [{"x": 0.35156, "y": 0.43056, "t": 1781454640076}, {"x": 0.35547, "y": 0.44167, "t": 1781454640169}, {"x": 0.36016, "y": 0.45417, "t": 1781454640261}, {"x": 0.36406, "y": 0.46667, "t": 1781454640358}, {"x": 0.36641, "y": 0.47222, "t": 1781454640419}, {"x": 0.36875, "y": 0.47917, "t": 1781454640476}, {"x": 0.37344, "y": 0.49167, "t": 1781454640572}, {"x": 0.375, "y": 0.49722, "t": 1781454640635}, {"x": 0.37734, "y": 0.50278, "t": 1781454640697}, {"x": 0.37969, "y": 0.50972, "t": 1781454640759}, {"x": 0.38203, "y": 0.51528, "t": 1781454640821}, {"x": 0.38438, "y": 0.52222, "t": 1781454640889}, {"x": 0.38594, "y": 0.52778, "t": 1781454640943}, {"x": 0.38828, "y": 0.53333, "t": 1781454641007}, {"x": 0.39063, "y": 0.54028, "t": 1781454641068}, {"x": 0.39297, "y": 0.54583, "t": 1781454641128}, {"x": 0.39687, "y": 0.55833, "t": 1781454641223}, {"x": 0.39922, "y": 0.56389, "t": 1781454641284}, {"x": 0.40391, "y": 0.57639, "t": 1781454641379}]}
1 change detected
1 change detected
1 change detected
1 change detected
1 change detected
1 change detected
{"type": "session_init", "sessionId": "930a7db2-a5db-4240-a101-e4a49627308b", "context": {"screenWidth": 1280, "screenHeight": 720, "viewportWidth": 1280, "viewportHeight": 720, "devicePixelRatio": 1.0}, "timestamp": 1781454862.759983}
{"type": "telemetry_batch", "sessionId": "930a7db2-a5db-4240-a101-e4a49627308b", "movements": [{"x": 0.33437, "y": 0.87222, "t": 1781454862797}, {"x": 0.33437, "y": 0.87083, "t": 1781454862994}, {"x": 0.33359, "y": 0.87083, "t": 1781454863295}, {"x": 0.32422, "y": 0.89306, "t": 1781454863351}, {"x": 0.29844, "y": 0.94306, "t": 1781454863417}, {"x": 0.27344, "y": 0.9875, "t": 1781454863484}, {"x": 0.07813, "y": 0.13889, "t": 1781454863769}, {"x": 0.08906, "y": 0.14444, "t": 1781454863844}, {"x": 0.09922, "y": 0.15417, "t": 1781454863902}, {"x": 0.11016, "y": 0.16111, "t": 1781454863969}, {"x": 0.12031, "y": 0.16944, "t": 1781454864047}, {"x": 0.14297, "y": 0.18333, "t": 1781454864141}, {"x": 0.16562, "y": 0.2, "t": 1781454864265}, {"x": 0.17656, "y": 0.20972, "t": 1781454864328}, {"x": 0.18672, "y": 0.21528, "t": 1781454864390}, {"x": 0.19922, "y": 0.225, "t": 1781454864468}, {"x": 0.20859, "y": 0.23333, "t": 1781454864544}, {"x": 0.22031, "y": 0.24167, "t": 1781454864602}, {"x": 0.24063, "y": 0.25556, "t": 1781454864701}, {"x": 0.25234, "y": 0.2625, "t": 1781454864761}, {"x": 0.26328, "y": 0.26944, "t": 1781454864822}, {"x": 0.28516, "y": 0.28472, "t": 1781454864932}, {"x": 0.30703, "y": 0.30278, "t": 1781454865026}, {"x": 0.32891, "y": 0.31806, "t": 1781454865133}, {"x": 0.33984, "y": 0.325, "t": 1781454865198}, {"x": 0.35156, "y": 0.33056, "t": 1781454865262}, {"x": 0.5, "y": 0.44028, "t": 1781454865366}]}
{"type": "telemetry_batch", "sessionId": "930a7db2-a5db-4240-a101-e4a49627308b", "movements": [{"x": 0.35234, "y": 0.33194, "t": 1781454868752}]}
{"type": "telemetry_batch", "sessionId": "930a7db2-a5db-4240-a101-e4a49627308b", "movements": [{"x": 0.35156, "y": 0.33611, "t": 1781454868812}, {"x": 0.35234, "y": 0.34167, "t": 1781454868885}, {"x": 0.35078, "y": 0.34583, "t": 1781454868957}, {"x": 0.35156, "y": 0.34722, "t": 1781454869020}, {"x": 0.35234, "y": 0.35833, "t": 1781454869137}, {"x": 0.35078, "y": 0.36528, "t": 1781454869251}, {"x": 0.35078, "y": 0.36806, "t": 1781454869327}, {"x": 0.35156, "y": 0.37361, "t": 1781454869441}, {"x": 0.35078, "y": 0.37778, "t": 1781454869502}, {"x": 0.35078, "y": 0.38472, "t": 1781454869558}, {"x": 0.35234, "y": 0.39028, "t": 1781454869670}, {"x": 0.35078, "y": 0.40139, "t": 1781454869760}, {"x": 0.35156, "y": 0.40694, "t": 1781454869872}, {"x": 0.35156, "y": 0.41389, "t": 1781454869965}, {"x": 0.35156, "y": 0.42083, "t": 1781454870072}, {"x": 0.35156, "y": 0.42778, "t": 1781454870136}, {"x": 0.5, "y": 0.55972, "t": 1781454870255}]}
{"type": "telemetry_batch", "sessionId": "930a7db2-a5db-4240-a101-e4a49627308b", "movements": [{"x": 0.35078, "y": 0.42778, "t": 1781454871925}, {"x": 0.35547, "y": 0.44306, "t": 1781454872031}, {"x": 0.35781, "y": 0.45, "t": 1781454872093}, {"x": 0.36016, "y": 0.45417, "t": 1781454872153}, {"x": 0.36484, "y": 0.46528, "t": 1781454872252}, {"x": 0.36719, "y": 0.47222, "t": 1781454872308}, {"x": 0.36719, "y": 0.48056, "t": 1781454872376}, {"x": 0.37188, "y": 0.48611, "t": 1781454872451}, {"x": 0.375, "y": 0.49583, "t": 1781454872557}, {"x": 0.37969, "y": 0.50833, "t": 1781454872656}, {"x": 0.38516, "y": 0.51944, "t": 1781454872759}, {"x": 0.38594, "y": 0.52639, "t": 1781454872821}, {"x": 0.3875, "y": 0.53333, "t": 1781454872889}, {"x": 0.39297, "y": 0.54583, "t": 1781454873016}, {"x": 0.39687, "y": 0.55972, "t": 1781454873101}, {"x": 0.39922, "y": 0.56667, "t": 1781454873164}, {"x": 0.40156, "y": 0.57222, "t": 1781454873252}, {"x": 0.40313, "y": 0.575, "t": 1781454873320}, {"x": 0.40625, "y": 0.58194, "t": 1781454873384}]}
1 change detected
1 change detected
1 change detected
1 change detected
1 change detected
1 change detected
1 change detected
1 change detected
{"type": "session_init", "sessionId": "a85155d2-1d99-4e92-a72c-dfeaee4a2a7a", "context": {"screenWidth": 1280, "screenHeight": 1024, "viewportWidth": 1280, "viewportHeight": 986, "devicePixelRatio": 1.0}, "timestamp": 1781454955.493028}
{"type": "telemetry_batch", "sessionId": "a85155d2-1d99-4e92-a72c-dfeaee4a2a7a", "movements": [{"x": 0.34844, "y": 0.34077, "t": 1781454956249}, {"x": 0.26406, "y": 0.44929, "t": 1781454956306}, {"x": 0.00781, "y": 0.64909, "t": 1781454956356}, {"x": 0.28047, "y": 0.37627, "t": 1781454957173}, {"x": 0.40313, "y": 0.31136, "t": 1781454957223}, {"x": 0.46328, "y": 0.27789, "t": 1781454957273}, {"x": 0.48984, "y": 0.25761, "t": 1781454957324}, {"x": 0.50469, "y": 0.24746, "t": 1781454957382}, {"x": 0.50547, "y": 0.24746, "t": 1781454957546}, {"x": 0.49141, "y": 0.26978, "t": 1781454957598}, {"x": 0.46406, "y": 0.34686, "t": 1781454957648}, {"x": 0.43281, "y": 0.44523, "t": 1781454957699}, {"x": 0.42422, "y": 0.48377, "t": 1781454957749}, {"x": 0.42734, "y": 0.48479, "t": 1781454957799}, {"x": 0.43984, "y": 0.47972, "t": 1781454957849}, {"x": 0.45781, "y": 0.46552, "t": 1781454957907}, {"x": 0.4625, "y": 0.4574, "t": 1781454958011}, {"x": 0.46484, "y": 0.4574, "t": 1781454958174}]}
{"type": "telemetry_batch", "sessionId": "a85155d2-1d99-4e92-a72c-dfeaee4a2a7a", "movements": [{"x": 0.47266, "y": 0.45943, "t": 1781454966726}, {"x": 0.43125, "y": 0.47465, "t": 1781454966808}, {"x": 0.42891, "y": 0.47667, "t": 1781454966872}, {"x": 0.43047, "y": 0.48884, "t": 1781454966925}, {"x": 0.43359, "y": 0.52738, "t": 1781454966975}, {"x": 0.43359, "y": 0.5284, "t": 1781454967139}, {"x": 0.43828, "y": 0.53854, "t": 1781454967193}, {"x": 0.43984, "y": 0.53854, "t": 1781454967392}]}
{"type": "telemetry_batch", "sessionId": "a85155d2-1d99-4e92-a72c-dfeaee4a2a7a", "movements": [{"x": 0.43438, "y": 0.53448, "t": 1781454971192}, {"x": 0.43281, "y": 0.5355, "t": 1781454971257}, {"x": 0.41094, "y": 0.53144, "t": 1781454971310}, {"x": 0.38438, "y": 0.54361, "t": 1781454971368}, {"x": 0.38125, "y": 0.57404, "t": 1781454971418}, {"x": 0.38125, "y": 0.57505, "t": 1781454971475}, {"x": 0.38047, "y": 0.58621, "t": 1781454971526}, {"x": 0.37578, "y": 0.59939, "t": 1781454971576}, {"x": 0.375, "y": 0.60345, "t": 1781454971643}, {"x": 0.37422, "y": 0.59635, "t": 1781454971706}, {"x": 0.37188, "y": 0.59229, "t": 1781454972099}, {"x": 0.37109, "y": 0.59432, "t": 1781454972189}, {"x": 0.36875, "y": 0.59533, "t": 1781454972289}, {"x": 0.37969, "y": 0.60751, "t": 1781454972342}, {"x": 0.40078, "y": 0.61968, "t": 1781454972393}, {"x": 0.41641, "y": 0.62373, "t": 1781454972451}, {"x": 0.46016, "y": 0.6217, "t": 1781454972501}, {"x": 0.49922, "y": 0.6217, "t": 1781454972551}, {"x": 0.51328, "y": 0.62677, "t": 1781454972601}, {"x": 0.53125, "y": 0.63185, "t": 1781454972652}, {"x": 0.53516, "y": 0.63387, "t": 1781454972752}, {"x": 0.54063, "y": 0.643, "t": 1781454972802}, {"x": 0.54922, "y": 0.65213, "t": 1781454972860}, {"x": 0.55078, "y": 0.65314, "t": 1781454973408}, {"x": 0.56328, "y": 0.59026, "t": 1781454973459}, {"x": 0.61016, "y": 0.40568, "t": 1781454973509}, {"x": 0.65156, "y": 0.25355, "t": 1781454973560}]}
{"type": "telemetry_batch", "sessionId": "a85155d2-1d99-4e92-a72c-dfeaee4a2a7a", "movements": [{"x": 0.67656, "y": 0.1927, "t": 1781454974243}, {"x": 0.67656, "y": 0.20284, "t": 1781454974293}, {"x": 0.67422, "y": 0.2211, "t": 1781454974343}, {"x": 0.66406, "y": 0.25051, "t": 1781454974393}, {"x": 0.65234, "y": 0.27688, "t": 1781454974443}, {"x": 0.64687, "y": 0.286, "t": 1781454974494}, {"x": 0.64375, "y": 0.28905, "t": 1781454974555}, {"x": 0.64141, "y": 0.29108, "t": 1781454974606}, {"x": 0.63203, "y": 0.30122, "t": 1781454974659}, {"x": 0.60313, "y": 0.3286, "t": 1781454974709}, {"x": 0.57109, "y": 0.35497, "t": 1781454974760}, {"x": 0.51484, "y": 0.36815, "t": 1781454974810}, {"x": 0.46094, "y": 0.35497, "t": 1781454974860}, {"x": 0.32031, "y": 0.28803, "t": 1781454974910}, {"x": 0.11641, "y": 0.18357, "t": 1781454974960}]}
1 change detected
1 change detected
1 change detected
{"type": "session_init", "sessionId": "0c413a7e-4cf0-444d-88fb-bd2a1a0e3120", "context": {"screenWidth": 1280, "screenHeight": 720, "viewportWidth": 1280, "viewportHeight": 720, "devicePixelRatio": 1.0}, "timestamp": 1781455007.7411356}
{"type": "telemetry_batch", "sessionId": "0c413a7e-4cf0-444d-88fb-bd2a1a0e3120", "movements": [{"x": 0.07813, "y": 0.14028, "t": 1781455008749}, {"x": 0.10078, "y": 0.15556, "t": 1781455008843}, {"x": 0.11016, "y": 0.15972, "t": 1781455008915}, {"x": 0.12187, "y": 0.16944, "t": 1781455008979}, {"x": 0.13281, "y": 0.17917, "t": 1781455009044}, {"x": 0.14375, "y": 0.18611, "t": 1781455009100}, {"x": 0.15313, "y": 0.19167, "t": 1781455009167}, {"x": 0.17578, "y": 0.20694, "t": 1781455009261}, {"x": 0.1875, "y": 0.21528, "t": 1781455009323}, {"x": 0.19922, "y": 0.22639, "t": 1781455009386}, {"x": 0.20859, "y": 0.23333, "t": 1781455009465}, {"x": 0.23125, "y": 0.24583, "t": 1781455009553}, {"x": 0.24141, "y": 0.25278, "t": 1781455009616}, {"x": 0.26406, "y": 0.27222, "t": 1781455009708}, {"x": 0.27344, "y": 0.27778, "t": 1781455009772}, {"x": 0.28516, "y": 0.28611, "t": 1781455009835}, {"x": 0.29688, "y": 0.29306, "t": 1781455009885}, {"x": 0.31719, "y": 0.30833, "t": 1781455009976}, {"x": 0.33906, "y": 0.32639, "t": 1781455010085}, {"x": 0.5, "y": 0.44028, "t": 1781455010247}]}
{"type": "telemetry_batch", "sessionId": "0c413a7e-4cf0-444d-88fb-bd2a1a0e3120", "movements": [{"x": 0.35156, "y": 0.33056, "t": 1781455013496}, {"x": 0.35156, "y": 0.34167, "t": 1781455013602}, {"x": 0.35, "y": 0.34444, "t": 1781455013663}, {"x": 0.35078, "y": 0.35, "t": 1781455013715}]}
{"type": "telemetry_batch", "sessionId": "0c413a7e-4cf0-444d-88fb-bd2a1a0e3120", "movements": [{"x": 0.35156, "y": 0.35694, "t": 1781455013805}, {"x": 0.35234, "y": 0.36389, "t": 1781455013896}, {"x": 0.35078, "y": 0.37222, "t": 1781455013989}, {"x": 0.35156, "y": 0.37917, "t": 1781455014080}, {"x": 0.35, "y": 0.38472, "t": 1781455014143}, {"x": 0.35156, "y": 0.38889, "t": 1781455014224}, {"x": 0.35156, "y": 0.39306, "t": 1781455014301}, {"x": 0.35078, "y": 0.39444, "t": 1781455014360}, {"x": 0.35078, "y": 0.39861, "t": 1781455014411}, {"x": 0.35078, "y": 0.40417, "t": 1781455014473}, {"x": 0.35, "y": 0.40694, "t": 1781455014534}, {"x": 0.35078, "y": 0.41111, "t": 1781455014595}, {"x": 0.35078, "y": 0.4125, "t": 1781455014658}, {"x": 0.35234, "y": 0.41944, "t": 1781455014764}, {"x": 0.35078, "y": 0.425, "t": 1781455014828}, {"x": 0.35, "y": 0.43056, "t": 1781455014893}, {"x": 0.5, "y": 0.55972, "t": 1781455014974}, {"x": 0.35078, "y": 0.42917, "t": 1781455016682}]}
{"type": "telemetry_batch", "sessionId": "0c413a7e-4cf0-444d-88fb-bd2a1a0e3120", "movements": [{"x": 0.35391, "y": 0.43611, "t": 1781455016741}, {"x": 0.35781, "y": 0.44722, "t": 1781455016871}, {"x": 0.35859, "y": 0.45556, "t": 1781455016945}, {"x": 0.3625, "y": 0.46111, "t": 1781455017004}, {"x": 0.36406, "y": 0.46528, "t": 1781455017069}, {"x": 0.36719, "y": 0.47361, "t": 1781455017128}, {"x": 0.36875, "y": 0.47917, "t": 1781455017191}, {"x": 0.36953, "y": 0.48333, "t": 1781455017257}, {"x": 0.37344, "y": 0.49306, "t": 1781455017334}, {"x": 0.37656, "y": 0.50278, "t": 1781455017424}, {"x": 0.38281, "y": 0.51389, "t": 1781455017516}, {"x": 0.38516, "y": 0.52222, "t": 1781455017593}, {"x": 0.38672, "y": 0.52778, "t": 1781455017655}, {"x": 0.38906, "y": 0.53333, "t": 1781455017708}, {"x": 0.38984, "y": 0.53889, "t": 1781455017781}, {"x": 0.39531, "y": 0.55278, "t": 1781455017887}, {"x": 0.39687, "y": 0.55972, "t": 1781455017949}, {"x": 0.4, "y": 0.56667, "t": 1781455018017}, {"x": 0.40391, "y": 0.57778, "t": 1781455018106}]}
1 change detected
1 change detected
1 change detected
1 change detected
1 change detected
1 change detected
1 change detected
1 change detected
1 change detected
1 change detected
{"type": "session_init", "sessionId": "ac79283a-1a4d-4a93-99e4-f485fdd89aa2", "context": {"screenWidth": 1920, "screenHeight": 1080, "viewportWidth": 1904, "viewportHeight": 1004, "devicePixelRatio": 1.0}, "timestamp": 1781455676.3352702}
{"type": "telemetry_batch", "sessionId": "ac79283a-1a4d-4a93-99e4-f485fdd89aa2", "movements": [{"x": 0.45063, "y": 0.30279, "t": 1781455676318}, {"x": 0.52574, "y": 0.32669, "t": 1781455676368}, {"x": 0.54884, "y": 0.33765, "t": 1781455676419}, {"x": 0.55042, "y": 0.34064, "t": 1781455676541}, {"x": 0.53939, "y": 0.34462, "t": 1781455676593}, {"x": 0.52836, "y": 0.33765, "t": 1781455676643}, {"x": 0.51366, "y": 0.33566, "t": 1781455676693}, {"x": 0.49527, "y": 0.34661, "t": 1781455676744}, {"x": 0.49212, "y": 0.3506, "t": 1781455676808}, {"x": 0.4916, "y": 0.35259, "t": 1781455677012}, {"x": 0.49055, "y": 0.35259, "t": 1781455677244}, {"x": 0.50105, "y": 0.36355, "t": 1781455677302}, {"x": 0.5084, "y": 0.39143, "t": 1781455677360}, {"x": 0.50945, "y": 0.39343, "t": 1781455677508}, {"x": 0.51733, "y": 0.40239, "t": 1781455677560}, {"x": 0.52153, "y": 0.40438, "t": 1781455677610}, {"x": 0.52468, "y": 0.40438, "t": 1781455677661}]}
{"type": "telemetry_batch", "sessionId": "ac79283a-1a4d-4a93-99e4-f485fdd89aa2", "movements": [{"x": 0.52048, "y": 0.78187, "t": 1781455710041}, {"x": 0.51996, "y": 0.78187, "t": 1781455710231}, {"x": 0.50893, "y": 0.76594, "t": 1781455710282}, {"x": 0.52521, "y": 0.70618, "t": 1781455710332}, {"x": 0.6208, "y": 0.61255, "t": 1781455710382}, {"x": 0.69853, "y": 0.55876, "t": 1781455710433}, {"x": 0.72164, "y": 0.53386, "t": 1781455710490}, {"x": 0.72216, "y": 0.53187, "t": 1781455710746}, {"x": 0.72059, "y": 0.53586, "t": 1781455710799}, {"x": 0.72006, "y": 0.53685, "t": 1781455711030}, {"x": 0.71849, "y": 0.53984, "t": 1781455711087}]}
{"type": "telemetry_batch", "sessionId": "ac79283a-1a4d-4a93-99e4-f485fdd89aa2", "movements": [{"x": 0.92595, "y": 0.9741, "t": 1781455719132}, {"x": 0.93277, "y": 0.95717, "t": 1781455719184}, {"x": 0.98162, "y": 0.88546, "t": 1781455719234}]}
{"type": "telemetry_batch", "sessionId": "ac79283a-1a4d-4a93-99e4-f485fdd89aa2", "movements": [{"x": 0.88761, "y": 0.56873, "t": 1781455725835}, {"x": 0.31828, "y": 0.74701, "t": 1781455725885}, {"x": 0.14286, "y": 0.71116, "t": 1781455725935}, {"x": 0.02468, "y": 0.64542, "t": 1781455725985}, {"x": 0.0063, "y": 0.60857, "t": 1781455726035}, {"x": 0.02416, "y": 0.56773, "t": 1781455726085}, {"x": 0.03099, "y": 0.54582, "t": 1781455726155}, {"x": 0.1812, "y": 0.11653, "t": 1781455727352}, {"x": 0.47532, "y": 0.01892, "t": 1781455727402}]}
{"type": "telemetry_batch", "sessionId": "ac79283a-1a4d-4a93-99e4-f485fdd89aa2", "movements": [{"x": 0.94275, "y": 0.00498, "t": 1781455728236}, {"x": 0.97847, "y": 0.09064, "t": 1781455728294}, {"x": 0.99107, "y": 0.32271, "t": 1781455730310}, {"x": 0.92647, "y": 0.33466, "t": 1781455730361}, {"x": 0.91754, "y": 0.2988, "t": 1781455730411}, {"x": 0.94275, "y": 0.19622, "t": 1781455730468}, {"x": 0.97269, "y": 0.10956, "t": 1781455730519}, {"x": 0.98162, "y": 0.07869, "t": 1781455730569}]}
{"type": "telemetry_batch", "sessionId": "ac79283a-1a4d-4a93-99e4-f485fdd89aa2", "movements": [{"x": 0.98109, "y": 0.07869, "t": 1781455730621}, {"x": 0.95693, "y": 0.08367, "t": 1781455730677}, {"x": 0.91912, "y": 0.06673, "t": 1781455730727}, {"x": 0.89233, "y": 0.01793, "t": 1781455730777}, {"x": 0.92122, "y": 0.00697, "t": 1781455731011}, {"x": 0.95168, "y": 0.13745, "t": 1781455731069}, {"x": 0.99895, "y": 0.30777, "t": 1781455731119}]}
{"type": "telemetry_batch", "sessionId": "ac79283a-1a4d-4a93-99e4-f485fdd89aa2", "movements": [{"x": 0.99527, "y": 0.30478, "t": 1781455733719}, {"x": 0.93803, "y": 0.28486, "t": 1781455733770}, {"x": 0.89286, "y": 0.24602, "t": 1781455733820}, {"x": 0.89443, "y": 0.17131, "t": 1781455733870}, {"x": 0.92122, "y": 0.05279, "t": 1781455733928}]}
1 change detected
1 change detected
1 change detected
1 change detected
1 change detected
1 change detected
1 change detected
1 change detected
{"type": "session_init", "sessionId": "7f9e3f60-aacc-4647-9a50-8dd2ded3706e", "context": {"screenWidth": 1280, "screenHeight": 720, "viewportWidth": 1280, "viewportHeight": 720, "devicePixelRatio": 1.0}, "timestamp": 1781456128.9903402}
{"type": "telemetry_batch", "sessionId": "7f9e3f60-aacc-4647-9a50-8dd2ded3706e", "movements": [{"x": 0.07813, "y": 0.14028, "t": 1781456130013}, {"x": 0.08984, "y": 0.14722, "t": 1781456130069}, {"x": 0.09922, "y": 0.15278, "t": 1781456130150}, {"x": 0.11172, "y": 0.16389, "t": 1781456130209}, {"x": 0.13203, "y": 0.17639, "t": 1781456130321}, {"x": 0.14297, "y": 0.18472, "t": 1781456130399}, {"x": 0.15391, "y": 0.19306, "t": 1781456130460}, {"x": 0.17578, "y": 0.20972, "t": 1781456130570}, {"x": 0.18828, "y": 0.21389, "t": 1781456130632}, {"x": 0.19922, "y": 0.225, "t": 1781456130709}, {"x": 0.20938, "y": 0.23194, "t": 1781456130766}, {"x": 0.21875, "y": 0.2375, "t": 1781456130829}, {"x": 0.23125, "y": 0.24722, "t": 1781456130891}, {"x": 0.24141, "y": 0.25556, "t": 1781456130951}, {"x": 0.26406, "y": 0.27083, "t": 1781456131059}, {"x": 0.28594, "y": 0.2875, "t": 1781456131152}, {"x": 0.30703, "y": 0.30139, "t": 1781456131262}, {"x": 0.32891, "y": 0.31944, "t": 1781456131374}, {"x": 0.34141, "y": 0.325, "t": 1781456131438}, {"x": 0.35078, "y": 0.33472, "t": 1781456131502}, {"x": 0.5, "y": 0.44028, "t": 1781456131608}]}
{"type": "telemetry_batch", "sessionId": "7f9e3f60-aacc-4647-9a50-8dd2ded3706e", "movements": [{"x": 0.35156, "y": 0.33194, "t": 1781456134774}, {"x": 0.35234, "y": 0.33472, "t": 1781456134836}, {"x": 0.35, "y": 0.34028, "t": 1781456134900}, {"x": 0.35156, "y": 0.34583, "t": 1781456134978}]}
{"type": "telemetry_batch", "sessionId": "7f9e3f60-aacc-4647-9a50-8dd2ded3706e", "movements": [{"x": 0.35156, "y": 0.34583, "t": 1781456135036}, {"x": 0.35156, "y": 0.35278, "t": 1781456135104}, {"x": 0.35, "y": 0.35694, "t": 1781456135168}, {"x": 0.35078, "y": 0.36111, "t": 1781456135230}, {"x": 0.35234, "y": 0.3625, "t": 1781456135305}, {"x": 0.35078, "y": 0.36944, "t": 1781456135366}, {"x": 0.35234, "y": 0.37083, "t": 1781456135432}, {"x": 0.35234, "y": 0.37778, "t": 1781456135492}, {"x": 0.35234, "y": 0.37778, "t": 1781456135557}, {"x": 0.35078, "y": 0.38472, "t": 1781456135635}, {"x": 0.35156, "y": 0.3875, "t": 1781456135696}, {"x": 0.35, "y": 0.39028, "t": 1781456135776}, {"x": 0.35234, "y": 0.39306, "t": 1781456135832}, {"x": 0.35, "y": 0.39861, "t": 1781456135896}, {"x": 0.35156, "y": 0.40833, "t": 1781456136018}, {"x": 0.35, "y": 0.41389, "t": 1781456136126}, {"x": 0.35156, "y": 0.41806, "t": 1781456136189}, {"x": 0.35, "y": 0.42083, "t": 1781456136251}, {"x": 0.35156, "y": 0.42778, "t": 1781456136362}, {"x": 0.5, "y": 0.55972, "t": 1781456136448}]}
{"type": "telemetry_batch", "sessionId": "7f9e3f60-aacc-4647-9a50-8dd2ded3706e", "movements": [{"x": 0.35078, "y": 0.43056, "t": 1781456138175}, {"x": 0.35469, "y": 0.44306, "t": 1781456138279}, {"x": 0.35859, "y": 0.45417, "t": 1781456138393}, {"x": 0.36484, "y": 0.46528, "t": 1781456138498}, {"x": 0.36641, "y": 0.47222, "t": 1781456138549}, {"x": 0.36875, "y": 0.47778, "t": 1781456138612}, {"x": 0.37266, "y": 0.48889, "t": 1781456138701}, {"x": 0.375, "y": 0.49861, "t": 1781456138768}, {"x": 0.37656, "y": 0.50278, "t": 1781456138827}, {"x": 0.38047, "y": 0.50694, "t": 1781456138889}, {"x": 0.38203, "y": 0.51389, "t": 1781456138956}, {"x": 0.38438, "y": 0.51944, "t": 1781456139017}, {"x": 0.3875, "y": 0.52778, "t": 1781456139079}, {"x": 0.38828, "y": 0.53472, "t": 1781456139141}, {"x": 0.39141, "y": 0.54028, "t": 1781456139202}, {"x": 0.39219, "y": 0.54444, "t": 1781456139260}, {"x": 0.39766, "y": 0.55694, "t": 1781456139354}, {"x": 0.40156, "y": 0.56806, "t": 1781456139449}, {"x": 0.40469, "y": 0.57639, "t": 1781456139499}]}
{"type": "telemetry_batch", "sessionId": "ac79283a-1a4d-4a93-99e4-f485fdd89aa2", "movements": [{"x": 0.55935, "y": 0.96215, "t": 1781456149722}, {"x": 0.5625, "y": 0.95916, "t": 1781456149772}, {"x": 0.60609, "y": 0.92131, "t": 1781456149822}, {"x": 0.66439, "y": 0.85259, "t": 1781456149872}, {"x": 0.68855, "y": 0.7749, "t": 1781456149922}, {"x": 0.68592, "y": 0.73805, "t": 1781456149980}, {"x": 0.68172, "y": 0.7251, "t": 1781456150031}, {"x": 0.64811, "y": 0.70418, "t": 1781456150089}, {"x": 0.58298, "y": 0.67729, "t": 1781456150147}, {"x": 0.49002, "y": 0.59861, "t": 1781456150197}, {"x": 0.38445, "y": 0.48108, "t": 1781456150247}, {"x": 0.34244, "y": 0.3506, "t": 1781456150297}, {"x": 0.33036, "y": 0.27191, "t": 1781456150355}, {"x": 0.33403, "y": 0.251, "t": 1781456150405}, {"x": 0.33456, "y": 0.25, "t": 1781456150535}, {"x": 0.38025, "y": 0.35159, "t": 1781456150589}, {"x": 0.45326, "y": 0.47311, "t": 1781456150647}, {"x": 0.45693, "y": 0.4741, "t": 1781456150972}, {"x": 0.45903, "y": 0.47112, "t": 1781456151022}]}
{"type": "telemetry_batch", "sessionId": "ac79283a-1a4d-4a93-99e4-f485fdd89aa2", "movements": [{"x": 0.46218, "y": 0.46912, "t": 1781456160655}, {"x": 0.45641, "y": 0.46116, "t": 1781456160708}, {"x": 0.45588, "y": 0.46116, "t": 1781456160765}, {"x": 0.427, "y": 0.4502, "t": 1781456160815}]}
{"type": "telemetry_batch", "sessionId": "ac79283a-1a4d-4a93-99e4-f485fdd89aa2", "movements": [{"x": 0.42542, "y": 0.4492, "t": 1781456160867}, {"x": 0.42962, "y": 0.48506, "t": 1781456160924}, {"x": 0.44223, "y": 0.53088, "t": 1781456160982}, {"x": 0.45011, "y": 0.53586, "t": 1781456161032}, {"x": 0.45168, "y": 0.53586, "t": 1781456161149}, {"x": 0.44905, "y": 0.53785, "t": 1781456161199}, {"x": 0.44643, "y": 0.54183, "t": 1781456161249}, {"x": 0.44013, "y": 0.53785, "t": 1781456161299}]}
{"type": "telemetry_batch", "sessionId": "ac79283a-1a4d-4a93-99e4-f485fdd89aa2", "movements": [{"x": 0.44065, "y": 0.53785, "t": 1781456165954}, {"x": 0.45011, "y": 0.54681, "t": 1781456166008}, {"x": 0.45168, "y": 0.55179, "t": 1781456166058}, {"x": 0.44538, "y": 0.55179, "t": 1781456166108}, {"x": 0.44328, "y": 0.58566, "t": 1781456166158}, {"x": 0.43855, "y": 0.60558, "t": 1781456166208}, {"x": 0.43592, "y": 0.60259, "t": 1781456166258}, {"x": 0.42805, "y": 0.59661, "t": 1781456166308}, {"x": 0.42542, "y": 0.59363, "t": 1781456166358}, {"x": 0.42122, "y": 0.59064, "t": 1781456166408}, {"x": 0.41702, "y": 0.59064, "t": 1781456166458}, {"x": 0.41439, "y": 0.58865, "t": 1781456166511}, {"x": 0.41282, "y": 0.58566, "t": 1781456166601}, {"x": 0.41387, "y": 0.58566, "t": 1781456166659}, {"x": 0.42069, "y": 0.59163, "t": 1781456166717}, {"x": 0.4312, "y": 0.6006, "t": 1781456166774}, {"x": 0.44905, "y": 0.61454, "t": 1781456166825}]}
{"type": "telemetry_batch", "sessionId": "ac79283a-1a4d-4a93-99e4-f485fdd89aa2", "movements": [{"x": 0.47111, "y": 0.6255, "t": 1781456166875}, {"x": 0.52048, "y": 0.63745, "t": 1781456166933}, {"x": 0.5709, "y": 0.6504, "t": 1781456166983}, {"x": 0.57248, "y": 0.65239, "t": 1781456167206}, {"x": 0.56933, "y": 0.65139, "t": 1781456167265}, {"x": 0.56355, "y": 0.64741, "t": 1781456167316}, {"x": 0.55777, "y": 0.63845, "t": 1781456167366}, {"x": 0.55147, "y": 0.61653, "t": 1781456167417}, {"x": 0.54622, "y": 0.58466, "t": 1781456167475}, {"x": 0.55042, "y": 0.56574, "t": 1781456167533}, {"x": 0.55147, "y": 0.56574, "t": 1781456167591}, {"x": 0.57195, "y": 0.57769, "t": 1781456167642}, {"x": 0.60662, "y": 0.6006, "t": 1781456167700}, {"x": 0.61187, "y": 0.60956, "t": 1781456167755}, {"x": 0.61239, "y": 0.61454, "t": 1781456167813}, {"x": 0.61239, "y": 0.61454, "t": 1781456167911}, {"x": 0.66702, "y": 0.50199, "t": 1781456167966}, {"x": 0.76523, "y": 0.37151, "t": 1781456168016}, {"x": 0.80777, "y": 0.31076, "t": 1781456168067}, {"x": 0.84139, "y": 0.26793, "t": 1781456168117}, {"x": 0.87027, "y": 0.23307, "t": 1781456168175}, {"x": 0.88288, "y": 0.2251, "t": 1781456168225}, {"x": 0.89758, "y": 0.22311, "t": 1781456168275}, {"x": 0.91807, "y": 0.21414, "t": 1781456168325}, {"x": 0.95956, "y": 0.17629, "t": 1781456168741}, {"x": 0.86187, "y": 0.19024, "t": 1781456168792}, {"x": 0.52836, "y": 0.23705, "t": 1781456168842}, {"x": 0.00105, "y": 0.31375, "t": 1781456168893}]}
1 change detected
1 change detected
1 change detected
1 change detected
1 change detected
1 change detected
1 change detected
1 change detected
1 change detected
1 change detected
1 change detected
1 change detected
1 change detected
1 change detected
1 change detected
1 change detected
1 change detected
1 change detected
1 change detected
1 change detected
34 changes detected
1 change detected
1 change detected
1 change detected
1 change detected
1 change detected
41 changes detected
1 change detected
1 change detected
